  Main.cpp
F:\Marci\inspired\programmin\graphics_programming\LearnOpenGL\Learn-Open-GL-tutorial-follow-along\LearnOpenGlFollowAlong\Shader.h(56,40): warning C4101: 'e': unreferenced local variable
F:\Marci\inspired\programmin\graphics_programming\LearnOpenGL\Learn-Open-GL-tutorial-follow-along\LearnOpenGlFollowAlong\Mesh.h(92,1): warning C4267: 'argument': conversion from 'size_t' to 'GLsizei', possible loss of data
F:\Marci\inspired\programmin\graphics_programming\LearnOpenGL\Learn-Open-GL-tutorial-follow-along\LearnOpenGlFollowAlong\Main.cpp(153,20): warning C4244: 'initializing': conversion from 'double' to 'float', possible loss of data
F:\Marci\inspired\programmin\graphics_programming\LearnOpenGL\Learn-Open-GL-tutorial-follow-along\LearnOpenGlFollowAlong\Main.cpp(154,20): warning C4244: 'initializing': conversion from 'double' to 'float', possible loss of data
F:\Marci\inspired\programmin\graphics_programming\LearnOpenGL\Learn-Open-GL-tutorial-follow-along\LearnOpenGlFollowAlong\Main.cpp(155,20): warning C4244: 'initializing': conversion from 'double' to 'float', possible loss of data
F:\Marci\inspired\programmin\graphics_programming\LearnOpenGL\Learn-Open-GL-tutorial-follow-along\LearnOpenGlFollowAlong\Main.cpp(158,22): warning C4244: 'initializing': conversion from 'double' to 'float', possible loss of data
F:\Marci\inspired\programmin\graphics_programming\LearnOpenGL\Learn-Open-GL-tutorial-follow-along\LearnOpenGlFollowAlong\Main.cpp(159,22): warning C4244: 'initializing': conversion from 'double' to 'float', possible loss of data
F:\Marci\inspired\programmin\graphics_programming\LearnOpenGL\Learn-Open-GL-tutorial-follow-along\LearnOpenGlFollowAlong\Main.cpp(160,22): warning C4244: 'initializing': conversion from 'double' to 'float', possible loss of data
F:\Marci\inspired\programmin\graphics_programming\LearnOpenGL\Learn-Open-GL-tutorial-follow-along\LearnOpenGlFollowAlong\Main.cpp(177,28): warning C4244: 'initializing': conversion from 'double' to 'float', possible loss of data
F:\Marci\inspired\programmin\graphics_programming\LearnOpenGL\Learn-Open-GL-tutorial-follow-along\LearnOpenGlFollowAlong\Main.cpp(227,37): warning C4305: 'initializing': truncation from 'double' to 'float'
F:\Marci\inspired\programmin\graphics_programming\LearnOpenGL\Learn-Open-GL-tutorial-follow-along\LearnOpenGlFollowAlong\Main.cpp(228,40): warning C4305: 'initializing': truncation from 'double' to 'float'
F:\Marci\inspired\programmin\graphics_programming\LearnOpenGL\Learn-Open-GL-tutorial-follow-along\LearnOpenGlFollowAlong\Main.cpp(415,17): warning C4244: '=': conversion from 'double' to 'float', possible loss of data
F:\Marci\inspired\programmin\graphics_programming\LearnOpenGL\Learn-Open-GL-tutorial-follow-along\LearnOpenGlFollowAlong\Main.cpp(416,17): warning C4244: '=': conversion from 'double' to 'float', possible loss of data
F:\Marci\inspired\programmin\graphics_programming\LearnOpenGL\Learn-Open-GL-tutorial-follow-along\LearnOpenGlFollowAlong\Main.cpp(420,19): warning C4244: 'initializing': conversion from 'double' to 'float', possible loss of data
F:\Marci\inspired\programmin\graphics_programming\LearnOpenGL\Learn-Open-GL-tutorial-follow-along\LearnOpenGlFollowAlong\Main.cpp(421,19): warning C4244: 'initializing': conversion from 'double' to 'float', possible loss of data
F:\Marci\inspired\programmin\graphics_programming\LearnOpenGL\Learn-Open-GL-tutorial-follow-along\LearnOpenGlFollowAlong\Main.cpp(423,13): warning C4244: '=': conversion from 'double' to 'float', possible loss of data
F:\Marci\inspired\programmin\graphics_programming\LearnOpenGL\Learn-Open-GL-tutorial-follow-along\LearnOpenGlFollowAlong\Main.cpp(424,13): warning C4244: '=': conversion from 'double' to 'float', possible loss of data
F:\Marci\inspired\programmin\graphics_programming\LearnOpenGL\Learn-Open-GL-tutorial-follow-along\LearnOpenGlFollowAlong\Main.cpp(433,31): warning C4244: 'argument': conversion from 'double' to 'float', possible loss of data
  LearnOpenGlFollowAlong.vcxproj -> F:\Marci\inspired\programmin\graphics_programming\LearnOpenGL\Learn-Open-GL-tutorial-follow-along\LearnOpenGlFollowAlong\x64\Debug\LearnOpenGlFollowAlong.exe
